
> desarrollo_web@0.1.0 build
> next build

⚠ Warning: Next.js inferred your workspace root, but it may not be correct.
 We detected multiple lockfiles and selected the directory of C:\Users\oscar_francisco\package-lock.json as the root directory.
 To silence this warning, set `turbopack.root` in your Next.js config, or consider removing one of the lockfiles if it's not needed.
   See https://nextjs.org/docs/app/api-reference/config/next-config-js/turbopack#root-directory for more information.
 Detected additional lockfiles: 
   * C:\Users\oscar_francisco\OneDrive\Documentos\Proyectos\os CAR Performance\desarrollo_web\package-lock.json

▲ Next.js 16.1.4 (Turbopack)

  Creating an optimized production build ...
✓ Compiled successfully in 2.7s
  Running TypeScript ...
  Collecting page data using 15 workers ...
  Generating static pages using 15 workers (0/5) ...
  Generating static pages using 15 workers (1/5) 
  Generating static pages using 15 workers (2/5) 
  Generating static pages using 15 workers (3/5) 
✓ Generating static pages using 15 workers (5/5) in 1073.0ms
  Finalizing page optimization ...

Route (app)
┌ ○ /
├ ○ /_not-found
└ ○ /aceternity-preview


○  (Static)  prerendered as static content

