
> desarrollo_web@0.1.0 build
> next build

⚠ Warning: Next.js inferred your workspace root, but it may not be correct.
 We detected multiple lockfiles and selected the directory of C:\Users\oscar_francisco\package-lock.json as the root directory.
 To silence this warning, set `turbopack.root` in your Next.js config, or consider removing one of the lockfiles if it's not needed.
   See https://nextjs.org/docs/app/api-reference/config/next-config-js/turbopack#root-directory for more information.
 Detected additional lockfiles: 
   * C:\Users\oscar_francisco\OneDrive\Documentos\Proyectos\os CAR Performance\desarrollo_web\package-lock.json

▲ Next.js 16.1.4 (Turbopack)

  Creating an optimized production build ...
✓ Compiled successfully in 3.3s
  Running TypeScript ...
Failed to compile.

./src/components/ui/AutomotiveBackground.tsx:50:9
Type error: 'ctx' is possibly 'null'.

  48 |       draw() {
  49 |         // Piston body - Increased opacity
> 50 |         ctx.fillStyle = "rgba(225, 7, 23, 0.5)";
     |         ^
  51 |         ctx.fillRect(this.x - 15, this.y - this.height, 30, this.height);
  52 |         
  53 |         // Piston head - Increased opacity
Next.js build worker exited with code: 1 and signal: null
